2025-07-06T16:46:13.650+08:00  INFO 39340 --- [management-service] [main] c.c.m.ManagementServiceApplication       : Starting ManagementServiceApplication using Java 17.0.12 with PID 39340 (D:\WorkSpace\IDEA\cloudDemo\services\management-service\target\classes started by 黄院彪 in D:\WorkSpace\IDEA\cloudDemo)
2025-07-06T16:46:13.651+08:00  INFO 39340 --- [management-service] [main] c.c.m.ManagementServiceApplication       : No active profile set, falling back to 1 default profile: "default"
2025-07-06T16:46:19.635+08:00  WARN 39340 --- [management-service] [main] org.apache.dubbo.config.ServiceConfig    :  [DUBBO] Use random available port(20880) for protocol dubbo, dubbo version: 3.2.15, current host: 192.168.244.1, error code: 5-8. This may be caused by , go to https://dubbo.apache.org/faq/5/8 to find instructions. 
2025-07-06T16:46:19.877+08:00  INFO 39340 --- [management-service] [main] c.c.m.ManagementServiceApplication       : Started ManagementServiceApplication in 8.57 seconds (process running for 8.967)
2025-07-06T16:46:19.884+08:00  INFO 39340 --- [management-service] [main] c.c.m.ManagementServiceApplication       : Management Service 已成功启动并准备提供管理服务
2025-07-06T16:47:00.065+08:00  INFO 39340 --- [management-service] [http-nio-9090-exec-1] o.s.web.servlet.DispatcherServlet        : Initializing Servlet 'dispatcherServlet'
2025-07-06T16:47:00.066+08:00  INFO 39340 --- [management-service] [http-nio-9090-exec-1] o.s.web.servlet.DispatcherServlet        : Completed initialization in 1 ms
2025-07-06T16:47:00.087+08:00  INFO 39340 --- [management-service] [http-nio-9090-exec-1] c.c.m.s.impl.NacosManagementServiceImpl  : 开始同步配置: dataId=management-service.properties, group=DEFAULT_GROUP
2025-07-06T16:47:00.098+08:00  INFO 39340 --- [management-service] [http-nio-9090-exec-1] c.c.m.s.impl.NacosManagementServiceImpl  : 成功获取配置信息: NacosConfigInfo{dataId='management-service.properties', group='DEFAULT_GROUP', namespace='', type='properties', md5='1318804636', lastModified=2025-07-06T16:47:00.098076500, description='从 Nacos 获取的配置信息'}
2025-07-06T16:47:00.101+08:00  INFO 39340 --- [management-service] [http-nio-9090-exec-1] c.c.m.s.impl.NacosManagementServiceImpl  : 配置文件已写入: D:\WorkSpace\IDEA\cloudDemo\.\config-templates\management-service.properties
2025-07-06T16:47:00.101+08:00  INFO 39340 --- [management-service] [http-nio-9090-exec-1] c.c.m.s.impl.NacosManagementServiceImpl  : 配置同步成功: management-service.properties
2025-07-06T16:47:18.458+08:00  INFO 39340 --- [management-service] [http-nio-9090-exec-2] c.c.m.s.impl.NacosManagementServiceImpl  : 开始同步所有配置到模板文件夹...
2025-07-06T16:47:18.459+08:00  INFO 39340 --- [management-service] [http-nio-9090-exec-2] c.c.m.s.impl.NacosManagementServiceImpl  : 开始从Nacos获取最新配置列表...
2025-07-06T16:47:18.462+08:00  WARN 39340 --- [management-service] [http-nio-9090-exec-2] c.c.m.s.impl.NacosManagementServiceImpl  : 配置不存在: dataId=application.properties, group=DEFAULT_GROUP, namespace=
2025-07-06T16:47:18.465+08:00  INFO 39340 --- [management-service] [http-nio-9090-exec-2] c.c.m.s.impl.NacosManagementServiceImpl  : 成功获取配置信息: NacosConfigInfo{dataId='user-service.properties', group='DEFAULT_GROUP', namespace='', type='properties', md5='-1212121305', lastModified=2025-07-06T16:47:18.465152400, description='从 Nacos 获取的配置信息'}
2025-07-06T16:47:18.465+08:00  INFO 39340 --- [management-service] [http-nio-9090-exec-2] c.c.m.s.impl.NacosManagementServiceImpl  : 成功获取配置: user-service.properties (内容长度: 1682)
2025-07-06T16:47:18.468+08:00  INFO 39340 --- [management-service] [http-nio-9090-exec-2] c.c.m.s.impl.NacosManagementServiceImpl  : 成功获取配置信息: NacosConfigInfo{dataId='order-service.properties', group='DEFAULT_GROUP', namespace='', type='properties', md5='1973479867', lastModified=2025-07-06T16:47:18.468545100, description='从 Nacos 获取的配置信息'}
2025-07-06T16:47:18.469+08:00  INFO 39340 --- [management-service] [http-nio-9090-exec-2] c.c.m.s.impl.NacosManagementServiceImpl  : 成功获取配置: order-service.properties (内容长度: 2237)
2025-07-06T16:47:18.471+08:00  WARN 39340 --- [management-service] [http-nio-9090-exec-2] c.c.m.s.impl.NacosManagementServiceImpl  : 配置不存在: dataId=dubbo.properties, group=DEFAULT_GROUP, namespace=
2025-07-06T16:47:18.472+08:00  WARN 39340 --- [management-service] [http-nio-9090-exec-2] c.c.m.s.impl.NacosManagementServiceImpl  : 配置不存在: dataId=redis.properties, group=DEFAULT_GROUP, namespace=
2025-07-06T16:47:18.474+08:00  INFO 39340 --- [management-service] [http-nio-9090-exec-2] c.c.m.s.impl.NacosManagementServiceImpl  : 成功获取配置信息: NacosConfigInfo{dataId='management-service.properties', group='DEFAULT_GROUP', namespace='', type='properties', md5='1318804636', lastModified=2025-07-06T16:47:18.474767700, description='从 Nacos 获取的配置信息'}
2025-07-06T16:47:18.475+08:00  INFO 39340 --- [management-service] [http-nio-9090-exec-2] c.c.m.s.impl.NacosManagementServiceImpl  : 成功获取配置: management-service.properties (内容长度: 1321)
2025-07-06T16:47:18.475+08:00  INFO 39340 --- [management-service] [http-nio-9090-exec-2] c.c.m.s.impl.NacosManagementServiceImpl  : 配置获取完成，共获取到 3 个配置文件
2025-07-06T16:47:18.475+08:00  INFO 39340 --- [management-service] [http-nio-9090-exec-2] c.c.m.s.impl.NacosManagementServiceImpl  : 开始同步配置: dataId=user-service.properties, group=DEFAULT_GROUP
2025-07-06T16:47:18.665+08:00  INFO 39340 --- [management-service] [http-nio-9090-exec-2] c.c.m.s.impl.NacosManagementServiceImpl  : 成功获取配置信息: NacosConfigInfo{dataId='user-service.properties', group='DEFAULT_GROUP', namespace='', type='properties', md5='-1212121305', lastModified=2025-07-06T16:47:18.665925100, description='从 Nacos 获取的配置信息'}
2025-07-06T16:47:18.666+08:00  INFO 39340 --- [management-service] [http-nio-9090-exec-2] c.c.m.s.impl.NacosManagementServiceImpl  : 配置文件已写入: D:\WorkSpace\IDEA\cloudDemo\.\config-templates\user-service.properties
2025-07-06T16:47:18.667+08:00  INFO 39340 --- [management-service] [http-nio-9090-exec-2] c.c.m.s.impl.NacosManagementServiceImpl  : 配置同步成功: user-service.properties
2025-07-06T16:47:18.667+08:00  INFO 39340 --- [management-service] [http-nio-9090-exec-2] c.c.m.s.impl.NacosManagementServiceImpl  : 开始同步配置: dataId=order-service.properties, group=DEFAULT_GROUP
2025-07-06T16:47:18.670+08:00  INFO 39340 --- [management-service] [http-nio-9090-exec-2] c.c.m.s.impl.NacosManagementServiceImpl  : 成功获取配置信息: NacosConfigInfo{dataId='order-service.properties', group='DEFAULT_GROUP', namespace='', type='properties', md5='1973479867', lastModified=2025-07-06T16:47:18.670003400, description='从 Nacos 获取的配置信息'}
2025-07-06T16:47:18.670+08:00  INFO 39340 --- [management-service] [http-nio-9090-exec-2] c.c.m.s.impl.NacosManagementServiceImpl  : 配置文件已写入: D:\WorkSpace\IDEA\cloudDemo\.\config-templates\order-service.properties
2025-07-06T16:47:18.670+08:00  INFO 39340 --- [management-service] [http-nio-9090-exec-2] c.c.m.s.impl.NacosManagementServiceImpl  : 配置同步成功: order-service.properties
2025-07-06T16:47:18.670+08:00  INFO 39340 --- [management-service] [http-nio-9090-exec-2] c.c.m.s.impl.NacosManagementServiceImpl  : 开始同步配置: dataId=management-service.properties, group=DEFAULT_GROUP
2025-07-06T16:47:18.673+08:00  INFO 39340 --- [management-service] [http-nio-9090-exec-2] c.c.m.s.impl.NacosManagementServiceImpl  : 成功获取配置信息: NacosConfigInfo{dataId='management-service.properties', group='DEFAULT_GROUP', namespace='', type='properties', md5='1318804636', lastModified=2025-07-06T16:47:18.673584100, description='从 Nacos 获取的配置信息'}
2025-07-06T16:47:18.674+08:00  INFO 39340 --- [management-service] [http-nio-9090-exec-2] c.c.m.s.impl.NacosManagementServiceImpl  : 配置文件已写入: D:\WorkSpace\IDEA\cloudDemo\.\config-templates\management-service.properties
2025-07-06T16:47:18.674+08:00  INFO 39340 --- [management-service] [http-nio-9090-exec-2] c.c.m.s.impl.NacosManagementServiceImpl  : 配置同步成功: management-service.properties
2025-07-06T16:47:18.675+08:00  INFO 39340 --- [management-service] [http-nio-9090-exec-2] c.c.m.s.impl.NacosManagementServiceImpl  : 配置同步完成: 成功 3 个，失败 0 个
2025-07-06T16:47:54.949+08:00  INFO 39340 --- [management-service] [http-nio-9090-exec-4] c.c.m.s.impl.NacosManagementServiceImpl  : 成功获取配置信息: NacosConfigInfo{dataId='management-service.properties', group='DEFAULT_GROUP', namespace='', type='properties', md5='1318804636', lastModified=2025-07-06T16:47:54.949505600, description='从 Nacos 获取的配置信息'}
2025-07-06T16:48:35.966+08:00  INFO 39340 --- [management-service] [http-nio-9090-exec-6] c.c.m.s.impl.NacosManagementServiceImpl  : 开始同步配置: dataId=management-service.properties, group=DEFAULT_GROUP
2025-07-06T16:48:35.970+08:00  INFO 39340 --- [management-service] [http-nio-9090-exec-6] c.c.m.s.impl.NacosManagementServiceImpl  : 成功获取配置信息: NacosConfigInfo{dataId='management-service.properties', group='DEFAULT_GROUP', namespace='', type='properties', md5='1318804636', lastModified=2025-07-06T16:48:35.970304700, description='从 Nacos 获取的配置信息'}
2025-07-06T16:48:35.970+08:00  INFO 39340 --- [management-service] [http-nio-9090-exec-6] c.c.m.s.impl.NacosManagementServiceImpl  : 配置文件已写入: D:\WorkSpace\IDEA\cloudDemo\.\config-templates\management-service.properties
2025-07-06T16:48:35.970+08:00  INFO 39340 --- [management-service] [http-nio-9090-exec-6] c.c.m.s.impl.NacosManagementServiceImpl  : 配置同步成功: management-service.properties
