2025-07-06T16:56:17.801+08:00  INFO 21476 --- [management-service] [main] c.c.m.ManagementServiceApplication       : Starting ManagementServiceApplication using Java 17.0.12 with PID 21476 (D:\WorkSpace\IDEA\cloudDemo\services\management-service\target\classes started by 黄院彪 in D:\WorkSpace\IDEA\cloudDemo\services\management-service)
2025-07-06T16:56:17.802+08:00  INFO 21476 --- [management-service] [main] c.c.m.ManagementServiceApplication       : No active profile set, falling back to 1 default profile: "default"
2025-07-06T16:56:23.738+08:00  WARN 21476 --- [management-service] [main] org.apache.dubbo.config.ServiceConfig    :  [DUBBO] Use random available port(20880) for protocol dubbo, dubbo version: 3.2.15, current host: 192.168.244.1, error code: 5-8. This may be caused by , go to https://dubbo.apache.org/faq/5/8 to find instructions. 
2025-07-06T16:56:23.982+08:00  INFO 21476 --- [management-service] [main] c.c.m.ManagementServiceApplication       : Started ManagementServiceApplication in 8.556 seconds (process running for 8.767)
2025-07-06T16:56:23.991+08:00  INFO 21476 --- [management-service] [main] c.c.m.ManagementServiceApplication       : Management Service 已成功启动并准备提供管理服务
2025-07-06T16:56:27.562+08:00  INFO 21476 --- [management-service] [http-nio-9090-exec-1] o.s.web.servlet.DispatcherServlet        : Initializing Servlet 'dispatcherServlet'
2025-07-06T16:56:27.562+08:00  INFO 21476 --- [management-service] [http-nio-9090-exec-1] o.s.web.servlet.DispatcherServlet        : Completed initialization in 0 ms
2025-07-06T16:56:27.583+08:00  INFO 21476 --- [management-service] [http-nio-9090-exec-1] c.c.m.s.impl.NacosManagementServiceImpl  : 开始同步配置: dataId=management-service.properties, group=DEFAULT_GROUP
2025-07-06T16:56:27.592+08:00  INFO 21476 --- [management-service] [http-nio-9090-exec-1] c.c.m.s.impl.NacosManagementServiceImpl  : 成功获取配置信息: NacosConfigInfo{dataId='management-service.properties', group='DEFAULT_GROUP', namespace='', type='properties', md5='1318804636', lastModified=2025-07-06T16:56:27.592652300, description='从 Nacos 获取的配置信息'}
2025-07-06T16:56:27.596+08:00  INFO 21476 --- [management-service] [http-nio-9090-exec-1] c.c.m.s.impl.NacosManagementServiceImpl  : 创建模板目录: D:\WorkSpace\IDEA\cloudDemo\services\management-service\services\management-service\.\config-templates
2025-07-06T16:56:27.597+08:00  INFO 21476 --- [management-service] [http-nio-9090-exec-1] c.c.m.s.impl.NacosManagementServiceImpl  : 配置文件已写入: D:\WorkSpace\IDEA\cloudDemo\services\management-service\services\management-service\.\config-templates\management-service.properties
2025-07-06T16:56:27.597+08:00  INFO 21476 --- [management-service] [http-nio-9090-exec-1] c.c.m.s.impl.NacosManagementServiceImpl  : 配置同步成功: management-service.properties
2025-07-06T16:56:57.367+08:00  INFO 21476 --- [management-service] [http-nio-9090-exec-2] c.c.m.s.impl.NacosManagementServiceImpl  : 开始同步所有配置到模板文件夹...
2025-07-06T16:56:57.367+08:00  INFO 21476 --- [management-service] [http-nio-9090-exec-2] c.c.m.s.impl.NacosManagementServiceImpl  : 开始从Nacos获取最新配置列表...
2025-07-06T16:56:57.370+08:00  WARN 21476 --- [management-service] [http-nio-9090-exec-2] c.c.m.s.impl.NacosManagementServiceImpl  : 配置不存在: dataId=application.properties, group=DEFAULT_GROUP, namespace=
2025-07-06T16:56:57.373+08:00  INFO 21476 --- [management-service] [http-nio-9090-exec-2] c.c.m.s.impl.NacosManagementServiceImpl  : 成功获取配置信息: NacosConfigInfo{dataId='user-service.properties', group='DEFAULT_GROUP', namespace='', type='properties', md5='-1212121305', lastModified=2025-07-06T16:56:57.373810900, description='从 Nacos 获取的配置信息'}
2025-07-06T16:56:57.373+08:00  INFO 21476 --- [management-service] [http-nio-9090-exec-2] c.c.m.s.impl.NacosManagementServiceImpl  : 成功获取配置: user-service.properties (内容长度: 1682)
2025-07-06T16:56:57.376+08:00  INFO 21476 --- [management-service] [http-nio-9090-exec-2] c.c.m.s.impl.NacosManagementServiceImpl  : 成功获取配置信息: NacosConfigInfo{dataId='order-service.properties', group='DEFAULT_GROUP', namespace='', type='properties', md5='1973479867', lastModified=2025-07-06T16:56:57.376821100, description='从 Nacos 获取的配置信息'}
2025-07-06T16:56:57.377+08:00  INFO 21476 --- [management-service] [http-nio-9090-exec-2] c.c.m.s.impl.NacosManagementServiceImpl  : 成功获取配置: order-service.properties (内容长度: 2237)
2025-07-06T16:56:57.379+08:00  WARN 21476 --- [management-service] [http-nio-9090-exec-2] c.c.m.s.impl.NacosManagementServiceImpl  : 配置不存在: dataId=dubbo.properties, group=DEFAULT_GROUP, namespace=
2025-07-06T16:56:57.381+08:00  WARN 21476 --- [management-service] [http-nio-9090-exec-2] c.c.m.s.impl.NacosManagementServiceImpl  : 配置不存在: dataId=redis.properties, group=DEFAULT_GROUP, namespace=
2025-07-06T16:56:57.384+08:00  INFO 21476 --- [management-service] [http-nio-9090-exec-2] c.c.m.s.impl.NacosManagementServiceImpl  : 成功获取配置信息: NacosConfigInfo{dataId='management-service.properties', group='DEFAULT_GROUP', namespace='', type='properties', md5='1318804636', lastModified=2025-07-06T16:56:57.384265800, description='从 Nacos 获取的配置信息'}
2025-07-06T16:56:57.384+08:00  INFO 21476 --- [management-service] [http-nio-9090-exec-2] c.c.m.s.impl.NacosManagementServiceImpl  : 成功获取配置: management-service.properties (内容长度: 1321)
2025-07-06T16:56:57.384+08:00  INFO 21476 --- [management-service] [http-nio-9090-exec-2] c.c.m.s.impl.NacosManagementServiceImpl  : 配置获取完成，共获取到 3 个配置文件
2025-07-06T16:56:57.384+08:00  INFO 21476 --- [management-service] [http-nio-9090-exec-2] c.c.m.s.impl.NacosManagementServiceImpl  : 开始同步配置: dataId=user-service.properties, group=DEFAULT_GROUP
2025-07-06T16:56:57.574+08:00  INFO 21476 --- [management-service] [http-nio-9090-exec-2] c.c.m.s.impl.NacosManagementServiceImpl  : 成功获取配置信息: NacosConfigInfo{dataId='user-service.properties', group='DEFAULT_GROUP', namespace='', type='properties', md5='-1212121305', lastModified=2025-07-06T16:56:57.574161700, description='从 Nacos 获取的配置信息'}
2025-07-06T16:56:57.575+08:00  INFO 21476 --- [management-service] [http-nio-9090-exec-2] c.c.m.s.impl.NacosManagementServiceImpl  : 配置文件已写入: D:\WorkSpace\IDEA\cloudDemo\services\management-service\services\management-service\.\config-templates\user-service.properties
2025-07-06T16:56:57.575+08:00  INFO 21476 --- [management-service] [http-nio-9090-exec-2] c.c.m.s.impl.NacosManagementServiceImpl  : 配置同步成功: user-service.properties
2025-07-06T16:56:57.575+08:00  INFO 21476 --- [management-service] [http-nio-9090-exec-2] c.c.m.s.impl.NacosManagementServiceImpl  : 开始同步配置: dataId=order-service.properties, group=DEFAULT_GROUP
2025-07-06T16:56:57.578+08:00  INFO 21476 --- [management-service] [http-nio-9090-exec-2] c.c.m.s.impl.NacosManagementServiceImpl  : 成功获取配置信息: NacosConfigInfo{dataId='order-service.properties', group='DEFAULT_GROUP', namespace='', type='properties', md5='1973479867', lastModified=2025-07-06T16:56:57.578287800, description='从 Nacos 获取的配置信息'}
2025-07-06T16:56:57.579+08:00  INFO 21476 --- [management-service] [http-nio-9090-exec-2] c.c.m.s.impl.NacosManagementServiceImpl  : 配置文件已写入: D:\WorkSpace\IDEA\cloudDemo\services\management-service\services\management-service\.\config-templates\order-service.properties
2025-07-06T16:56:57.579+08:00  INFO 21476 --- [management-service] [http-nio-9090-exec-2] c.c.m.s.impl.NacosManagementServiceImpl  : 配置同步成功: order-service.properties
2025-07-06T16:56:57.579+08:00  INFO 21476 --- [management-service] [http-nio-9090-exec-2] c.c.m.s.impl.NacosManagementServiceImpl  : 开始同步配置: dataId=management-service.properties, group=DEFAULT_GROUP
2025-07-06T16:56:57.581+08:00  INFO 21476 --- [management-service] [http-nio-9090-exec-2] c.c.m.s.impl.NacosManagementServiceImpl  : 成功获取配置信息: NacosConfigInfo{dataId='management-service.properties', group='DEFAULT_GROUP', namespace='', type='properties', md5='1318804636', lastModified=2025-07-06T16:56:57.581973800, description='从 Nacos 获取的配置信息'}
2025-07-06T16:56:57.582+08:00  INFO 21476 --- [management-service] [http-nio-9090-exec-2] c.c.m.s.impl.NacosManagementServiceImpl  : 配置文件已写入: D:\WorkSpace\IDEA\cloudDemo\services\management-service\services\management-service\.\config-templates\management-service.properties
2025-07-06T16:56:57.582+08:00  INFO 21476 --- [management-service] [http-nio-9090-exec-2] c.c.m.s.impl.NacosManagementServiceImpl  : 配置同步成功: management-service.properties
2025-07-06T16:56:57.582+08:00  INFO 21476 --- [management-service] [http-nio-9090-exec-2] c.c.m.s.impl.NacosManagementServiceImpl  : 配置同步完成: 成功 3 个，失败 0 个
2025-07-06T16:57:30.133+08:00  INFO 21476 --- [management-service] [http-nio-9090-exec-4] c.c.m.s.impl.NacosManagementServiceImpl  : 开始同步配置: dataId=management-service.properties, group=DEFAULT_GROUP
2025-07-06T16:57:30.137+08:00  INFO 21476 --- [management-service] [http-nio-9090-exec-4] c.c.m.s.impl.NacosManagementServiceImpl  : 成功获取配置信息: NacosConfigInfo{dataId='management-service.properties', group='DEFAULT_GROUP', namespace='', type='properties', md5='1318804636', lastModified=2025-07-06T16:57:30.137924900, description='从 Nacos 获取的配置信息'}
2025-07-06T16:57:30.138+08:00  INFO 21476 --- [management-service] [http-nio-9090-exec-4] c.c.m.s.impl.NacosManagementServiceImpl  : 配置文件已写入: D:\WorkSpace\IDEA\cloudDemo\services\management-service\services\management-service\.\config-templates\management-service.properties
2025-07-06T16:57:30.139+08:00  INFO 21476 --- [management-service] [http-nio-9090-exec-4] c.c.m.s.impl.NacosManagementServiceImpl  : 配置同步成功: management-service.properties
