2025-07-21T18:23:36.182+08:00  WARN 35972 --- [gateway-service] [main] c.a.c.n.c.NacosPropertySourceBuilder     : Ignore the empty nacos configuration and get it based on dataId[gateway-service] & group[DEFAULT_GROUP]
2025-07-21T18:23:36.196+08:00  WARN 35972 --- [gateway-service] [main] c.a.c.n.c.NacosPropertySourceBuilder     : Ignore the empty nacos configuration and get it based on dataId[gateway-service-default.properties] & group[DEFAULT_GROUP]
2025-07-21T18:23:36.205+08:00  INFO 35972 --- [gateway-service] [main] c.c.gateway.GatewayServiceApplication    : The following 1 profile is active: "default"
2025-07-21T18:23:36.524+08:00  WARN 35972 --- [gateway-service] [main] onfigReactiveWebServerApplicationContext : Exception encountered during context initialization - cancelling refresh attempt: org.springframework.beans.factory.support.BeanDefinitionOverrideException: Invalid bean definition with name 'sentinelGatewayFilter' defined in class path resource [com/alibaba/cloud/sentinel/gateway/scg/SentinelSCGAutoConfiguration.class]: Cannot register bean definition [Root bean: class [null]; scope=; abstract=false; lazyInit=null; autowireMode=3; dependencyCheck=0; autowireCandidate=true; primary=false; factoryBeanName=com.alibaba.cloud.sentinel.gateway.scg.SentinelSCGAutoConfiguration; factoryMethodName=sentinelGatewayFilter; initMethodNames=null; destroyMethodNames=[(inferred)]; defined in class path resource [com/alibaba/cloud/sentinel/gateway/scg/SentinelSCGAutoConfiguration.class]] for bean 'sentinelGatewayFilter' since there is already [Root bean: class [null]; scope=; abstract=false; lazyInit=null; autowireMode=3; dependencyCheck=0; autowireCandidate=true; primary=false; factoryBeanName=sentinelGatewayConfig; factoryMethodName=sentinelGatewayFilter; initMethodNames=null; destroyMethodNames=[(inferred)]; defined in class path resource [com/cloudDemo/gateway/config/SentinelGatewayConfig.class]] bound.
2025-07-21T18:23:36.545+08:00 ERROR 35972 --- [gateway-service] [main] o.s.b.d.LoggingFailureAnalysisReporter   : 

***************************
APPLICATION FAILED TO START
***************************

Description:

The bean 'sentinelGatewayFilter', defined in class path resource [com/alibaba/cloud/sentinel/gateway/scg/SentinelSCGAutoConfiguration.class], could not be registered. A bean with that name has already been defined in class path resource [com/cloudDemo/gateway/config/SentinelGatewayConfig.class] and overriding is disabled.

Action:

Consider renaming one of the beans or enabling overriding by setting spring.main.allow-bean-definition-overriding=true

2025-07-21T18:23:36.547+08:00  WARN 35972 --- [gateway-service] [Thread-5] c.a.nacos.common.notify.NotifyCenter     : [NotifyCenter] Start destroying Publisher
2025-07-21T18:23:36.547+08:00  WARN 35972 --- [gateway-service] [Thread-2] c.a.n.common.http.HttpClientBeanHolder   : [HttpClientBeanHolder] Start destroying common HttpClient
2025-07-21T18:23:36.548+08:00  WARN 35972 --- [gateway-service] [Thread-5] c.a.nacos.common.notify.NotifyCenter     : [NotifyCenter] Destruction of the end
2025-07-21T18:23:36.548+08:00  WARN 35972 --- [gateway-service] [Thread-2] c.a.n.common.http.HttpClientBeanHolder   : [HttpClientBeanHolder] Destruction of the end
2025-07-21T18:25:06.205+08:00  WARN 14892 --- [gateway-service] [main] c.a.c.n.c.NacosPropertySourceBuilder     : Ignore the empty nacos configuration and get it based on dataId[gateway-service] & group[DEFAULT_GROUP]
2025-07-21T18:25:06.216+08:00  WARN 14892 --- [gateway-service] [main] c.a.c.n.c.NacosPropertySourceBuilder     : Ignore the empty nacos configuration and get it based on dataId[gateway-service-default.properties] & group[DEFAULT_GROUP]
2025-07-21T18:25:06.227+08:00  INFO 14892 --- [gateway-service] [main] c.c.gateway.GatewayServiceApplication    : The following 1 profile is active: "default"
2025-07-21T18:25:07.116+08:00  WARN 14892 --- [gateway-service] [main] trationDelegate$BeanPostProcessorChecker : Bean 'org.springframework.cloud.client.loadbalancer.LoadBalancerAutoConfiguration$DeferringLoadBalancerInterceptorConfig' of type [org.springframework.cloud.client.loadbalancer.LoadBalancerAutoConfiguration$DeferringLoadBalancerInterceptorConfig] is not eligible for getting processed by all BeanPostProcessors (for example: not eligible for auto-proxying). The currently created BeanPostProcessor [lbRestClientPostProcessor] is declared through a non-static factory method on that class; consider declaring it as static instead.
2025-07-21T18:25:07.118+08:00  WARN 14892 --- [gateway-service] [main] trationDelegate$BeanPostProcessorChecker : Bean 'deferringLoadBalancerInterceptor' of type [org.springframework.cloud.client.loadbalancer.DeferringLoadBalancerInterceptor] is not eligible for getting processed by all BeanPostProcessors (for example: not eligible for auto-proxying). Is this bean getting eagerly injected into a currently created BeanPostProcessor [lbRestClientPostProcessor]? Check the corresponding BeanPostProcessor declaration and its dependencies.
2025-07-21T18:25:07.119+08:00  WARN 14892 --- [gateway-service] [main] trationDelegate$BeanPostProcessorChecker : Bean 'org.springframework.cloud.client.loadbalancer.reactive.LoadBalancerBeanPostProcessorAutoConfiguration' of type [org.springframework.cloud.client.loadbalancer.reactive.LoadBalancerBeanPostProcessorAutoConfiguration] is not eligible for getting processed by all BeanPostProcessors (for example: not eligible for auto-proxying). The currently created BeanPostProcessor [loadBalancerWebClientBuilderBeanPostProcessor] is declared through a non-static factory method on that class; consider declaring it as static instead.
2025-07-21T18:25:07.121+08:00  WARN 14892 --- [gateway-service] [main] trationDelegate$BeanPostProcessorChecker : Bean 'org.springframework.cloud.client.loadbalancer.reactive.LoadBalancerBeanPostProcessorAutoConfiguration$ReactorDeferringLoadBalancerFilterConfig' of type [org.springframework.cloud.client.loadbalancer.reactive.LoadBalancerBeanPostProcessorAutoConfiguration$ReactorDeferringLoadBalancerFilterConfig] is not eligible for getting processed by all BeanPostProcessors (for example: not eligible for auto-proxying). Is this bean getting eagerly injected into a currently created BeanPostProcessor [loadBalancerWebClientBuilderBeanPostProcessor]? Check the corresponding BeanPostProcessor declaration and its dependencies.
2025-07-21T18:25:07.121+08:00  WARN 14892 --- [gateway-service] [main] trationDelegate$BeanPostProcessorChecker : Bean 'reactorDeferringLoadBalancerExchangeFilterFunction' of type [org.springframework.cloud.client.loadbalancer.reactive.DeferringLoadBalancerExchangeFilterFunction] is not eligible for getting processed by all BeanPostProcessors (for example: not eligible for auto-proxying). Is this bean getting eagerly injected into a currently created BeanPostProcessor [loadBalancerWebClientBuilderBeanPostProcessor]? Check the corresponding BeanPostProcessor declaration and its dependencies.
2025-07-21T18:25:12.089+08:00  WARN 14892 --- [gateway-service] [main] iguration$LoadBalancerCaffeineWarnLogger : Spring Cloud LoadBalancer is currently working with the default cache. While this cache implementation is useful for development and tests, it's recommended to use Caffeine cache in production.You can switch to using Caffeine cache, by adding it and org.springframework.cache.caffeine.CaffeineCacheManager to the classpath.
2025-07-21T18:25:12.118+08:00  WARN 14892 --- [gateway-service] [main] onfigReactiveWebServerApplicationContext : Exception encountered during context initialization - cancelling refresh attempt: org.springframework.context.ApplicationContextException: Failed to start bean 'webServerStartStop'
2025-07-21T18:25:12.143+08:00 ERROR 14892 --- [gateway-service] [main] o.s.b.d.LoggingFailureAnalysisReporter   : 

***************************
APPLICATION FAILED TO START
***************************

Description:

Web server failed to start. Port 8080 was already in use.

Action:

Identify and stop the process that's listening on port 8080 or configure this application to listen on another port.

2025-07-21T18:25:12.147+08:00  WARN 14892 --- [gateway-service] [Thread-2] c.a.n.common.http.HttpClientBeanHolder   : [HttpClientBeanHolder] Start destroying common HttpClient
2025-07-21T18:25:12.147+08:00  WARN 14892 --- [gateway-service] [Thread-5] c.a.nacos.common.notify.NotifyCenter     : [NotifyCenter] Start destroying Publisher
2025-07-21T18:25:12.147+08:00  WARN 14892 --- [gateway-service] [Thread-5] c.a.nacos.common.notify.NotifyCenter     : [NotifyCenter] Destruction of the end
2025-07-21T18:31:03.740+08:00  WARN 7020 --- [gateway-service] [main] c.a.c.n.c.NacosPropertySourceBuilder     : Ignore the empty nacos configuration and get it based on dataId[gateway-service] & group[DEFAULT_GROUP]
2025-07-21T18:31:03.753+08:00  WARN 7020 --- [gateway-service] [main] c.a.c.n.c.NacosPropertySourceBuilder     : Ignore the empty nacos configuration and get it based on dataId[gateway-service-default.properties] & group[DEFAULT_GROUP]
2025-07-21T18:31:03.762+08:00  INFO 7020 --- [gateway-service] [main] c.c.gateway.GatewayServiceApplication    : The following 1 profile is active: "default"
2025-07-21T18:31:04.637+08:00  WARN 7020 --- [gateway-service] [main] trationDelegate$BeanPostProcessorChecker : Bean 'org.springframework.cloud.client.loadbalancer.LoadBalancerAutoConfiguration$DeferringLoadBalancerInterceptorConfig' of type [org.springframework.cloud.client.loadbalancer.LoadBalancerAutoConfiguration$DeferringLoadBalancerInterceptorConfig] is not eligible for getting processed by all BeanPostProcessors (for example: not eligible for auto-proxying). The currently created BeanPostProcessor [lbRestClientPostProcessor] is declared through a non-static factory method on that class; consider declaring it as static instead.
2025-07-21T18:31:04.638+08:00  WARN 7020 --- [gateway-service] [main] trationDelegate$BeanPostProcessorChecker : Bean 'deferringLoadBalancerInterceptor' of type [org.springframework.cloud.client.loadbalancer.DeferringLoadBalancerInterceptor] is not eligible for getting processed by all BeanPostProcessors (for example: not eligible for auto-proxying). Is this bean getting eagerly injected into a currently created BeanPostProcessor [lbRestClientPostProcessor]? Check the corresponding BeanPostProcessor declaration and its dependencies.
2025-07-21T18:31:04.639+08:00  WARN 7020 --- [gateway-service] [main] trationDelegate$BeanPostProcessorChecker : Bean 'org.springframework.cloud.client.loadbalancer.reactive.LoadBalancerBeanPostProcessorAutoConfiguration' of type [org.springframework.cloud.client.loadbalancer.reactive.LoadBalancerBeanPostProcessorAutoConfiguration] is not eligible for getting processed by all BeanPostProcessors (for example: not eligible for auto-proxying). The currently created BeanPostProcessor [loadBalancerWebClientBuilderBeanPostProcessor] is declared through a non-static factory method on that class; consider declaring it as static instead.
2025-07-21T18:31:04.640+08:00  WARN 7020 --- [gateway-service] [main] trationDelegate$BeanPostProcessorChecker : Bean 'org.springframework.cloud.client.loadbalancer.reactive.LoadBalancerBeanPostProcessorAutoConfiguration$ReactorDeferringLoadBalancerFilterConfig' of type [org.springframework.cloud.client.loadbalancer.reactive.LoadBalancerBeanPostProcessorAutoConfiguration$ReactorDeferringLoadBalancerFilterConfig] is not eligible for getting processed by all BeanPostProcessors (for example: not eligible for auto-proxying). Is this bean getting eagerly injected into a currently created BeanPostProcessor [loadBalancerWebClientBuilderBeanPostProcessor]? Check the corresponding BeanPostProcessor declaration and its dependencies.
2025-07-21T18:31:04.641+08:00  WARN 7020 --- [gateway-service] [main] trationDelegate$BeanPostProcessorChecker : Bean 'reactorDeferringLoadBalancerExchangeFilterFunction' of type [org.springframework.cloud.client.loadbalancer.reactive.DeferringLoadBalancerExchangeFilterFunction] is not eligible for getting processed by all BeanPostProcessors (for example: not eligible for auto-proxying). Is this bean getting eagerly injected into a currently created BeanPostProcessor [loadBalancerWebClientBuilderBeanPostProcessor]? Check the corresponding BeanPostProcessor declaration and its dependencies.
2025-07-21T18:31:09.590+08:00  WARN 7020 --- [gateway-service] [main] iguration$LoadBalancerCaffeineWarnLogger : Spring Cloud LoadBalancer is currently working with the default cache. While this cache implementation is useful for development and tests, it's recommended to use Caffeine cache in production.You can switch to using Caffeine cache, by adding it and org.springframework.cache.caffeine.CaffeineCacheManager to the classpath.
2025-07-21T18:31:12.700+08:00  WARN 7020 --- [gateway-service] [main] org.apache.dubbo.config.ServiceConfig    :  [DUBBO] Use random available port(20880) for protocol dubbo, dubbo version: 3.2.15, current host: 192.168.244.1, error code: 5-8. This may be caused by , go to https://dubbo.apache.org/faq/5/8 to find instructions. 
2025-07-21T18:31:12.942+08:00  INFO 7020 --- [gateway-service] [main] c.c.gateway.GatewayServiceApplication    : Started GatewayServiceApplication in 13.543 seconds (process running for 13.792)
2025-07-21T18:31:12.961+08:00  INFO 7020 --- [gateway-service] [main] c.c.gateway.GatewayServiceApplication    : Gateway Service started successfully on port: 8090
2025-07-21T18:34:37.843+08:00  WARN 7020 --- [gateway-service] [reactor-http-nio-3] r.netty.http.client.HttpClientConnect    : [c2f0d250-1, L:/192.168.244.1:49648 - R:/192.168.244.1:20881] The connection observed an error

java.lang.IllegalArgumentException: invalid version format: UNSUPPORTED
	at io.netty.handler.codec.http.HttpVersion.<init>(HttpVersion.java:135) ~[netty-codec-http-4.1.113.Final.jar:4.1.113.Final]
	at io.netty.handler.codec.http.HttpVersion.valueOf(HttpVersion.java:89) ~[netty-codec-http-4.1.113.Final.jar:4.1.113.Final]
	at io.netty.handler.codec.http.HttpResponseDecoder.createMessage(HttpResponseDecoder.java:195) ~[netty-codec-http-4.1.113.Final.jar:4.1.113.Final]
	at io.netty.handler.codec.http.HttpObjectDecoder.decode(HttpObjectDecoder.java:354) ~[netty-codec-http-4.1.113.Final.jar:4.1.113.Final]
	at io.netty.handler.codec.http.HttpClientCodec$Decoder.decode(HttpClientCodec.java:320) ~[netty-codec-http-4.1.113.Final.jar:4.1.113.Final]
	at io.netty.handler.codec.ByteToMessageDecoder.decodeRemovalReentryProtection(ByteToMessageDecoder.java:530) ~[netty-codec-4.1.113.Final.jar:4.1.113.Final]
	at io.netty.handler.codec.ByteToMessageDecoder.callDecode(ByteToMessageDecoder.java:469) ~[netty-codec-4.1.113.Final.jar:4.1.113.Final]
	at io.netty.handler.codec.ByteToMessageDecoder.channelRead(ByteToMessageDecoder.java:290) ~[netty-codec-4.1.113.Final.jar:4.1.113.Final]
	at io.netty.channel.CombinedChannelDuplexHandler.channelRead(CombinedChannelDuplexHandler.java:251) ~[netty-transport-4.1.113.Final.jar:4.1.113.Final]
	at io.netty.channel.AbstractChannelHandlerContext.invokeChannelRead(AbstractChannelHandlerContext.java:442) ~[netty-transport-4.1.113.Final.jar:4.1.113.Final]
	at io.netty.channel.AbstractChannelHandlerContext.invokeChannelRead(AbstractChannelHandlerContext.java:420) ~[netty-transport-4.1.113.Final.jar:4.1.113.Final]
	at io.netty.channel.AbstractChannelHandlerContext.fireChannelRead(AbstractChannelHandlerContext.java:412) ~[netty-transport-4.1.113.Final.jar:4.1.113.Final]
	at io.netty.channel.DefaultChannelPipeline$HeadContext.channelRead(DefaultChannelPipeline.java:1357) ~[netty-transport-4.1.113.Final.jar:4.1.113.Final]
	at io.netty.channel.AbstractChannelHandlerContext.invokeChannelRead(AbstractChannelHandlerContext.java:440) ~[netty-transport-4.1.113.Final.jar:4.1.113.Final]
	at io.netty.channel.AbstractChannelHandlerContext.invokeChannelRead(AbstractChannelHandlerContext.java:420) ~[netty-transport-4.1.113.Final.jar:4.1.113.Final]
	at io.netty.channel.DefaultChannelPipeline.fireChannelRead(DefaultChannelPipeline.java:868) ~[netty-transport-4.1.113.Final.jar:4.1.113.Final]
	at io.netty.channel.nio.AbstractNioByteChannel$NioByteUnsafe.read(AbstractNioByteChannel.java:166) ~[netty-transport-4.1.113.Final.jar:4.1.113.Final]
	at io.netty.channel.nio.NioEventLoop.processSelectedKey(NioEventLoop.java:788) ~[netty-transport-4.1.113.Final.jar:4.1.113.Final]
	at io.netty.channel.nio.NioEventLoop.processSelectedKeysOptimized(NioEventLoop.java:724) ~[netty-transport-4.1.113.Final.jar:4.1.113.Final]
	at io.netty.channel.nio.NioEventLoop.processSelectedKeys(NioEventLoop.java:650) ~[netty-transport-4.1.113.Final.jar:4.1.113.Final]
	at io.netty.channel.nio.NioEventLoop.run(NioEventLoop.java:562) ~[netty-transport-4.1.113.Final.jar:4.1.113.Final]
	at io.netty.util.concurrent.SingleThreadEventExecutor$4.run(SingleThreadEventExecutor.java:997) ~[netty-common-4.1.113.Final.jar:4.1.113.Final]
	at io.netty.util.internal.ThreadExecutorMap$2.run(ThreadExecutorMap.java:74) ~[netty-common-4.1.113.Final.jar:4.1.113.Final]
	at io.netty.util.concurrent.FastThreadLocalRunnable.run(FastThreadLocalRunnable.java:30) ~[netty-common-4.1.113.Final.jar:4.1.113.Final]
	at java.base/java.lang.Thread.run(Thread.java:842) ~[na:na]

2025-07-21T18:34:37.857+08:00 ERROR 7020 --- [gateway-service] [reactor-http-nio-3] a.w.r.e.AbstractErrorWebExceptionHandler : [1147ba0c]  500 Server Error for HTTP GET "/user-service/user/list"

java.lang.IllegalArgumentException: invalid version format: UNSUPPORTED
	at io.netty.handler.codec.http.HttpVersion.<init>(HttpVersion.java:135) ~[netty-codec-http-4.1.113.Final.jar:4.1.113.Final]
	Suppressed: reactor.core.publisher.FluxOnAssembly$OnAssemblyException: 
Error has been observed at the following site(s):
	*__checkpoint ? org.springframework.cloud.gateway.filter.WeightCalculatorWebFilter [DefaultWebFilterChain]
	*__checkpoint ? com.alibaba.csp.sentinel.adapter.spring.webflux.SentinelWebFluxFilter [DefaultWebFilterChain]
	*__checkpoint ? HTTP GET "/user-service/user/list" [ExceptionHandlingWebHandler]
Original Stack Trace:
		at io.netty.handler.codec.http.HttpVersion.<init>(HttpVersion.java:135) ~[netty-codec-http-4.1.113.Final.jar:4.1.113.Final]
		at io.netty.handler.codec.http.HttpVersion.valueOf(HttpVersion.java:89) ~[netty-codec-http-4.1.113.Final.jar:4.1.113.Final]
		at io.netty.handler.codec.http.HttpResponseDecoder.createMessage(HttpResponseDecoder.java:195) ~[netty-codec-http-4.1.113.Final.jar:4.1.113.Final]
		at io.netty.handler.codec.http.HttpObjectDecoder.decode(HttpObjectDecoder.java:354) ~[netty-codec-http-4.1.113.Final.jar:4.1.113.Final]
		at io.netty.handler.codec.http.HttpClientCodec$Decoder.decode(HttpClientCodec.java:320) ~[netty-codec-http-4.1.113.Final.jar:4.1.113.Final]
		at io.netty.handler.codec.ByteToMessageDecoder.decodeRemovalReentryProtection(ByteToMessageDecoder.java:530) ~[netty-codec-4.1.113.Final.jar:4.1.113.Final]
		at io.netty.handler.codec.ByteToMessageDecoder.callDecode(ByteToMessageDecoder.java:469) ~[netty-codec-4.1.113.Final.jar:4.1.113.Final]
		at io.netty.handler.codec.ByteToMessageDecoder.channelRead(ByteToMessageDecoder.java:290) ~[netty-codec-4.1.113.Final.jar:4.1.113.Final]
		at io.netty.channel.CombinedChannelDuplexHandler.channelRead(CombinedChannelDuplexHandler.java:251) ~[netty-transport-4.1.113.Final.jar:4.1.113.Final]
		at io.netty.channel.AbstractChannelHandlerContext.invokeChannelRead(AbstractChannelHandlerContext.java:442) ~[netty-transport-4.1.113.Final.jar:4.1.113.Final]
		at io.netty.channel.AbstractChannelHandlerContext.invokeChannelRead(AbstractChannelHandlerContext.java:420) ~[netty-transport-4.1.113.Final.jar:4.1.113.Final]
		at io.netty.channel.AbstractChannelHandlerContext.fireChannelRead(AbstractChannelHandlerContext.java:412) ~[netty-transport-4.1.113.Final.jar:4.1.113.Final]
		at io.netty.channel.DefaultChannelPipeline$HeadContext.channelRead(DefaultChannelPipeline.java:1357) ~[netty-transport-4.1.113.Final.jar:4.1.113.Final]
		at io.netty.channel.AbstractChannelHandlerContext.invokeChannelRead(AbstractChannelHandlerContext.java:440) ~[netty-transport-4.1.113.Final.jar:4.1.113.Final]
		at io.netty.channel.AbstractChannelHandlerContext.invokeChannelRead(AbstractChannelHandlerContext.java:420) ~[netty-transport-4.1.113.Final.jar:4.1.113.Final]
		at io.netty.channel.DefaultChannelPipeline.fireChannelRead(DefaultChannelPipeline.java:868) ~[netty-transport-4.1.113.Final.jar:4.1.113.Final]
		at io.netty.channel.nio.AbstractNioByteChannel$NioByteUnsafe.read(AbstractNioByteChannel.java:166) ~[netty-transport-4.1.113.Final.jar:4.1.113.Final]
		at io.netty.channel.nio.NioEventLoop.processSelectedKey(NioEventLoop.java:788) ~[netty-transport-4.1.113.Final.jar:4.1.113.Final]
		at io.netty.channel.nio.NioEventLoop.processSelectedKeysOptimized(NioEventLoop.java:724) ~[netty-transport-4.1.113.Final.jar:4.1.113.Final]
		at io.netty.channel.nio.NioEventLoop.processSelectedKeys(NioEventLoop.java:650) ~[netty-transport-4.1.113.Final.jar:4.1.113.Final]
		at io.netty.channel.nio.NioEventLoop.run(NioEventLoop.java:562) ~[netty-transport-4.1.113.Final.jar:4.1.113.Final]
		at io.netty.util.concurrent.SingleThreadEventExecutor$4.run(SingleThreadEventExecutor.java:997) ~[netty-common-4.1.113.Final.jar:4.1.113.Final]
		at io.netty.util.internal.ThreadExecutorMap$2.run(ThreadExecutorMap.java:74) ~[netty-common-4.1.113.Final.jar:4.1.113.Final]
		at io.netty.util.concurrent.FastThreadLocalRunnable.run(FastThreadLocalRunnable.java:30) ~[netty-common-4.1.113.Final.jar:4.1.113.Final]
		at java.base/java.lang.Thread.run(Thread.java:842) ~[na:na]

2025-07-21T20:39:04.866+08:00  WARN 1900 --- [gateway-service] [main] c.a.c.n.c.NacosPropertySourceBuilder     : Ignore the empty nacos configuration and get it based on dataId[gateway-service] & group[DEFAULT_GROUP]
2025-07-21T20:39:04.881+08:00  INFO 1900 --- [gateway-service] [main] c.c.gateway.GatewayServiceApplication    : No active profile set, falling back to 1 default profile: "default"
2025-07-21T20:39:05.716+08:00  WARN 1900 --- [gateway-service] [main] trationDelegate$BeanPostProcessorChecker : Bean 'org.springframework.cloud.client.loadbalancer.LoadBalancerAutoConfiguration$DeferringLoadBalancerInterceptorConfig' of type [org.springframework.cloud.client.loadbalancer.LoadBalancerAutoConfiguration$DeferringLoadBalancerInterceptorConfig] is not eligible for getting processed by all BeanPostProcessors (for example: not eligible for auto-proxying). The currently created BeanPostProcessor [lbRestClientPostProcessor] is declared through a non-static factory method on that class; consider declaring it as static instead.
2025-07-21T20:39:05.717+08:00  WARN 1900 --- [gateway-service] [main] trationDelegate$BeanPostProcessorChecker : Bean 'deferringLoadBalancerInterceptor' of type [org.springframework.cloud.client.loadbalancer.DeferringLoadBalancerInterceptor] is not eligible for getting processed by all BeanPostProcessors (for example: not eligible for auto-proxying). Is this bean getting eagerly injected into a currently created BeanPostProcessor [lbRestClientPostProcessor]? Check the corresponding BeanPostProcessor declaration and its dependencies.
2025-07-21T20:39:05.719+08:00  WARN 1900 --- [gateway-service] [main] trationDelegate$BeanPostProcessorChecker : Bean 'org.springframework.cloud.client.loadbalancer.reactive.LoadBalancerBeanPostProcessorAutoConfiguration' of type [org.springframework.cloud.client.loadbalancer.reactive.LoadBalancerBeanPostProcessorAutoConfiguration] is not eligible for getting processed by all BeanPostProcessors (for example: not eligible for auto-proxying). The currently created BeanPostProcessor [loadBalancerWebClientBuilderBeanPostProcessor] is declared through a non-static factory method on that class; consider declaring it as static instead.
2025-07-21T20:39:05.720+08:00  WARN 1900 --- [gateway-service] [main] trationDelegate$BeanPostProcessorChecker : Bean 'org.springframework.cloud.client.loadbalancer.reactive.LoadBalancerBeanPostProcessorAutoConfiguration$ReactorDeferringLoadBalancerFilterConfig' of type [org.springframework.cloud.client.loadbalancer.reactive.LoadBalancerBeanPostProcessorAutoConfiguration$ReactorDeferringLoadBalancerFilterConfig] is not eligible for getting processed by all BeanPostProcessors (for example: not eligible for auto-proxying). Is this bean getting eagerly injected into a currently created BeanPostProcessor [loadBalancerWebClientBuilderBeanPostProcessor]? Check the corresponding BeanPostProcessor declaration and its dependencies.
2025-07-21T20:39:05.721+08:00  WARN 1900 --- [gateway-service] [main] trationDelegate$BeanPostProcessorChecker : Bean 'reactorDeferringLoadBalancerExchangeFilterFunction' of type [org.springframework.cloud.client.loadbalancer.reactive.DeferringLoadBalancerExchangeFilterFunction] is not eligible for getting processed by all BeanPostProcessors (for example: not eligible for auto-proxying). Is this bean getting eagerly injected into a currently created BeanPostProcessor [loadBalancerWebClientBuilderBeanPostProcessor]? Check the corresponding BeanPostProcessor declaration and its dependencies.
2025-07-21T20:39:10.332+08:00  WARN 1900 --- [gateway-service] [main] onfigReactiveWebServerApplicationContext : Exception encountered during context initialization - cancelling refresh attempt: org.springframework.beans.factory.UnsatisfiedDependencyException: Error creating bean with name 'httpClientSslConfigurer' defined in class path resource [org/springframework/cloud/gateway/config/GatewayAutoConfiguration$NettyConfiguration.class]: Unsatisfied dependency expressed through method 'httpClientSslConfigurer' parameter 1: Error creating bean with name 'httpClientProperties': Could not bind properties to 'HttpClientProperties' : prefix=spring.cloud.gateway.httpclient, ignoreInvalidFields=false, ignoreUnknownFields=true
2025-07-21T20:39:10.354+08:00 ERROR 1900 --- [gateway-service] [main] o.s.b.d.LoggingFailureAnalysisReporter   : 

***************************
APPLICATION FAILED TO START
***************************

Description:

Failed to bind properties under 'spring.cloud.gateway.httpclient.connect-timeout' to java.lang.Integer:

    Property: spring.cloud.gateway.httpclient.connect-timeout
    Value: "3000ms"
    Origin: "spring.cloud.gateway.httpclient.connect-timeout" from property source "bootstrapProperties-gateway-service.properties,DEFAULT_GROUP"
    Reason: failed to convert java.lang.String to java.lang.Integer (caused by java.lang.NumberFormatException: For input string: "3000ms")

Action:

Update your application's configuration

2025-07-21T20:39:10.359+08:00  WARN 1900 --- [gateway-service] [Thread-4] c.a.nacos.common.notify.NotifyCenter     : [NotifyCenter] Start destroying Publisher
2025-07-21T20:39:10.359+08:00  WARN 1900 --- [gateway-service] [Thread-2] c.a.n.common.http.HttpClientBeanHolder   : [HttpClientBeanHolder] Start destroying common HttpClient
2025-07-21T20:39:10.359+08:00  WARN 1900 --- [gateway-service] [Thread-4] c.a.nacos.common.notify.NotifyCenter     : [NotifyCenter] Destruction of the end
2025-07-21T20:41:24.717+08:00  WARN 36460 --- [gateway-service] [main] c.a.c.n.c.NacosPropertySourceBuilder     : Ignore the empty nacos configuration and get it based on dataId[gateway-service] & group[DEFAULT_GROUP]
2025-07-21T20:41:24.731+08:00  INFO 36460 --- [gateway-service] [main] c.c.gateway.GatewayServiceApplication    : No active profile set, falling back to 1 default profile: "default"
2025-07-21T20:41:25.574+08:00  WARN 36460 --- [gateway-service] [main] trationDelegate$BeanPostProcessorChecker : Bean 'org.springframework.cloud.client.loadbalancer.LoadBalancerAutoConfiguration$DeferringLoadBalancerInterceptorConfig' of type [org.springframework.cloud.client.loadbalancer.LoadBalancerAutoConfiguration$DeferringLoadBalancerInterceptorConfig] is not eligible for getting processed by all BeanPostProcessors (for example: not eligible for auto-proxying). The currently created BeanPostProcessor [lbRestClientPostProcessor] is declared through a non-static factory method on that class; consider declaring it as static instead.
2025-07-21T20:41:25.576+08:00  WARN 36460 --- [gateway-service] [main] trationDelegate$BeanPostProcessorChecker : Bean 'deferringLoadBalancerInterceptor' of type [org.springframework.cloud.client.loadbalancer.DeferringLoadBalancerInterceptor] is not eligible for getting processed by all BeanPostProcessors (for example: not eligible for auto-proxying). Is this bean getting eagerly injected into a currently created BeanPostProcessor [lbRestClientPostProcessor]? Check the corresponding BeanPostProcessor declaration and its dependencies.
2025-07-21T20:41:25.578+08:00  WARN 36460 --- [gateway-service] [main] trationDelegate$BeanPostProcessorChecker : Bean 'org.springframework.cloud.client.loadbalancer.reactive.LoadBalancerBeanPostProcessorAutoConfiguration' of type [org.springframework.cloud.client.loadbalancer.reactive.LoadBalancerBeanPostProcessorAutoConfiguration] is not eligible for getting processed by all BeanPostProcessors (for example: not eligible for auto-proxying). The currently created BeanPostProcessor [loadBalancerWebClientBuilderBeanPostProcessor] is declared through a non-static factory method on that class; consider declaring it as static instead.
2025-07-21T20:41:25.579+08:00  WARN 36460 --- [gateway-service] [main] trationDelegate$BeanPostProcessorChecker : Bean 'org.springframework.cloud.client.loadbalancer.reactive.LoadBalancerBeanPostProcessorAutoConfiguration$ReactorDeferringLoadBalancerFilterConfig' of type [org.springframework.cloud.client.loadbalancer.reactive.LoadBalancerBeanPostProcessorAutoConfiguration$ReactorDeferringLoadBalancerFilterConfig] is not eligible for getting processed by all BeanPostProcessors (for example: not eligible for auto-proxying). Is this bean getting eagerly injected into a currently created BeanPostProcessor [loadBalancerWebClientBuilderBeanPostProcessor]? Check the corresponding BeanPostProcessor declaration and its dependencies.
2025-07-21T20:41:25.579+08:00  WARN 36460 --- [gateway-service] [main] trationDelegate$BeanPostProcessorChecker : Bean 'reactorDeferringLoadBalancerExchangeFilterFunction' of type [org.springframework.cloud.client.loadbalancer.reactive.DeferringLoadBalancerExchangeFilterFunction] is not eligible for getting processed by all BeanPostProcessors (for example: not eligible for auto-proxying). Is this bean getting eagerly injected into a currently created BeanPostProcessor [loadBalancerWebClientBuilderBeanPostProcessor]? Check the corresponding BeanPostProcessor declaration and its dependencies.
2025-07-21T20:41:30.229+08:00  WARN 36460 --- [gateway-service] [main] onfigReactiveWebServerApplicationContext : Exception encountered during context initialization - cancelling refresh attempt: org.springframework.beans.factory.UnsatisfiedDependencyException: Error creating bean with name 'httpClientSslConfigurer' defined in class path resource [org/springframework/cloud/gateway/config/GatewayAutoConfiguration$NettyConfiguration.class]: Unsatisfied dependency expressed through method 'httpClientSslConfigurer' parameter 1: Error creating bean with name 'httpClientProperties': Could not bind properties to 'HttpClientProperties' : prefix=spring.cloud.gateway.httpclient, ignoreInvalidFields=false, ignoreUnknownFields=true
2025-07-21T20:41:30.250+08:00 ERROR 36460 --- [gateway-service] [main] o.s.b.d.LoggingFailureAnalysisReporter   : 

***************************
APPLICATION FAILED TO START
***************************

Description:

Failed to bind properties under 'spring.cloud.gateway.httpclient.connect-timeout' to java.lang.Integer:

    Property: spring.cloud.gateway.httpclient.connect-timeout
    Value: "3000ms"
    Origin: "spring.cloud.gateway.httpclient.connect-timeout" from property source "bootstrapProperties-gateway-service.properties,DEFAULT_GROUP"
    Reason: failed to convert java.lang.String to java.lang.Integer (caused by java.lang.NumberFormatException: For input string: "3000ms")

Action:

Update your application's configuration

2025-07-21T20:41:30.256+08:00  WARN 36460 --- [gateway-service] [Thread-4] c.a.nacos.common.notify.NotifyCenter     : [NotifyCenter] Start destroying Publisher
2025-07-21T20:41:30.256+08:00  WARN 36460 --- [gateway-service] [Thread-2] c.a.n.common.http.HttpClientBeanHolder   : [HttpClientBeanHolder] Start destroying common HttpClient
2025-07-21T20:41:30.256+08:00  WARN 36460 --- [gateway-service] [Thread-4] c.a.nacos.common.notify.NotifyCenter     : [NotifyCenter] Destruction of the end
