2025-07-07T15:13:42.901+08:00  WARN 9024 --- [order-service] [main] c.a.c.n.c.NacosPropertySourceBuilder     : Ignore the empty nacos configuration and get it based on dataId[order-service] & group[DEFAULT_GROUP]
2025-07-07T15:13:42.915+08:00  INFO 9024 --- [order-service] [main] c.c.o.OrdersServiceApplication           : No active profile set, falling back to 1 default profile: "default"
2025-07-07T15:13:43.391+08:00  WARN 9024 --- [order-service] [main] c.s.b.f.a.ServiceAnnotationPostProcessor :  [DUBBO] No class annotated by Dubbo @DubboService or @Service was found under package [com.cloudDemo.orderservice], ignore re-scanned classes: 0, dubbo version: 3.2.15, current host: 192.168.244.1, error code: 5-28. This may be caused by No annotations were found on the class, go to https://dubbo.apache.org/faq/5/28 to find instructions. 
2025-07-07T15:13:44.096+08:00 DEBUG 9024 --- [order-service] [main] c.b.m.e.s.MybatisSqlSessionFactoryBean   : Property 'mapperLocations' was not specified.
2025-07-07T15:13:44.308+08:00 DEBUG 9024 --- [order-service] [main] c.b.mybatisplus.core.toolkit.Sequence    : Get /192.168.157.1 network interface 
2025-07-07T15:13:44.321+08:00 DEBUG 9024 --- [order-service] [main] c.b.mybatisplus.core.toolkit.Sequence    : Get network interface info: name:eth9 (VMware Virtual Ethernet Adapter for VMnet8)
2025-07-07T15:13:44.330+08:00 DEBUG 9024 --- [order-service] [main] c.b.mybatisplus.core.toolkit.Sequence    : Initialization Sequence datacenterId:0 workerId:9
2025-07-07T15:13:45.959+08:00  INFO 9024 --- [order-service] [main] m.e.s.MybatisPlusApplicationContextAware : Register ApplicationContext instances org.springframework.boot.web.servlet.context.AnnotationConfigServletWebServerApplicationContext@753aca85
2025-07-07T15:13:49.708+08:00 ERROR 9024 --- [order-service] [main] o.a.d.c.d.DefaultApplicationDeployer     :  [DUBBO] Dubbo Application[1.1](order-service) an exception occurred when handle starting event, dubbo version: 3.2.15, current host: 192.168.244.1, error code: 5-14. This may be caused by , go to https://dubbo.apache.org/faq/5/14 to find instructions. 

org.apache.dubbo.rpc.RpcException: Fail to start server(url: dubbo://192.168.244.1:20882/org.apache.dubbo.metadata.MetadataService?anyhost=true&application=order-service&background=false&bind.ip=192.168.244.1&bind.port=20882&channel.readonly.sent=true&codec=dubbo&delay=0&deprecated=false&dubbo=2.0.2&dynamic=true&executor-management-mode=isolation&file-cache=true&generic=false&getAndListenInstanceMetadata.1.callback=true&getAndListenInstanceMetadata.return=true&getAndListenInstanceMetadata.sent=true&group=order-service&heartbeat=60000&interface=org.apache.dubbo.metadata.MetadataService&methods=exportInstanceMetadata,getAndListenInstanceMetadata,getExportedServiceURLs,getExportedURLs,getInstanceMetadataChangedListenerMap,getMetadataInfo,getMetadataInfos,getMetadataURL,getServiceDefinition,getSubscribedURLs,isMetadataService,serviceName,toSortedStrings,version&pid=9024&prefer.serialization=fastjson2,hessian2&qos.enable=false&register=false&release=3.2.15&revision=3.2.15&service.filter=-default&side=provider&timestamp=1751872429669&version=1.0.0) Failed to bind NettyServer on /0.0.0.0:20882, cause: Address already in use: bind
	at org.apache.dubbo.rpc.protocol.dubbo.DubboProtocol.createServer(DubboProtocol.java:418) ~[dubbo-3.2.15.jar:3.2.15]
	at org.apache.dubbo.rpc.protocol.dubbo.DubboProtocol.openServer(DubboProtocol.java:380) ~[dubbo-3.2.15.jar:3.2.15]
	at org.apache.dubbo.rpc.protocol.dubbo.DubboProtocol.export(DubboProtocol.java:361) ~[dubbo-3.2.15.jar:3.2.15]
	at org.apache.dubbo.rpc.protocol.ProtocolListenerWrapper.export(ProtocolListenerWrapper.java:77) ~[dubbo-3.2.15.jar:3.2.15]
	at org.apache.dubbo.qos.protocol.QosProtocolWrapper.export(QosProtocolWrapper.java:79) ~[dubbo-3.2.15.jar:3.2.15]
	at org.apache.dubbo.rpc.protocol.ProtocolSecurityWrapper.export(ProtocolSecurityWrapper.java:84) ~[dubbo-3.2.15.jar:3.2.15]
	at org.apache.dubbo.rpc.cluster.filter.ProtocolFilterWrapper.export(ProtocolFilterWrapper.java:61) ~[dubbo-3.2.15.jar:3.2.15]
	at org.apache.dubbo.rpc.protocol.ProtocolSerializationWrapper.export(ProtocolSerializationWrapper.java:50) ~[dubbo-3.2.15.jar:3.2.15]
	at org.apache.dubbo.rpc.protocol.InvokerCountWrapper.export(InvokerCountWrapper.java:42) ~[dubbo-3.2.15.jar:3.2.15]
	at org.apache.dubbo.rpc.Protocol$Adaptive.export(Protocol$Adaptive.java) ~[dubbo-3.2.15.jar:3.2.15]
	at org.apache.dubbo.config.ServiceConfig.doExportUrl(ServiceConfig.java:947) ~[dubbo-3.2.15.jar:3.2.15]
	at org.apache.dubbo.config.ServiceConfig.exportRemote(ServiceConfig.java:926) ~[dubbo-3.2.15.jar:3.2.15]
	at org.apache.dubbo.config.ServiceConfig.exportUrl(ServiceConfig.java:857) ~[dubbo-3.2.15.jar:3.2.15]
	at org.apache.dubbo.config.ServiceConfig.doExportUrlsFor1Protocol(ServiceConfig.java:602) ~[dubbo-3.2.15.jar:3.2.15]
	at org.apache.dubbo.config.ServiceConfig.doExportUrls(ServiceConfig.java:583) ~[dubbo-3.2.15.jar:3.2.15]
	at org.apache.dubbo.config.ServiceConfig.doExport(ServiceConfig.java:540) ~[dubbo-3.2.15.jar:3.2.15]
	at org.apache.dubbo.config.ServiceConfig.export(ServiceConfig.java:340) ~[dubbo-3.2.15.jar:3.2.15]
	at org.apache.dubbo.config.ServiceConfigBase.export(ServiceConfigBase.java:422) ~[dubbo-3.2.15.jar:3.2.15]
	at org.apache.dubbo.config.metadata.ConfigurableMetadataServiceExporter.export(ConfigurableMetadataServiceExporter.java:76) ~[dubbo-3.2.15.jar:3.2.15]
	at org.apache.dubbo.config.metadata.ExporterDeployListener.onModuleStarted(ExporterDeployListener.java:85) ~[dubbo-3.2.15.jar:3.2.15]
	at org.apache.dubbo.config.deploy.DefaultApplicationDeployer.exportMetadataService(DefaultApplicationDeployer.java:1266) ~[dubbo-3.2.15.jar:3.2.15]
	at org.apache.dubbo.config.deploy.DefaultApplicationDeployer.prepareApplicationInstance(DefaultApplicationDeployer.java:767) ~[dubbo-3.2.15.jar:3.2.15]
	at org.apache.dubbo.config.deploy.DefaultApplicationDeployer.checkState(DefaultApplicationDeployer.java:1152) ~[dubbo-3.2.15.jar:3.2.15]
	at org.apache.dubbo.config.deploy.DefaultApplicationDeployer.notifyModuleChanged(DefaultApplicationDeployer.java:1140) ~[dubbo-3.2.15.jar:3.2.15]
	at org.apache.dubbo.config.deploy.DefaultModuleDeployer.onModuleStarted(DefaultModuleDeployer.java:363) ~[dubbo-3.2.15.jar:3.2.15]
	at org.apache.dubbo.config.deploy.DefaultModuleDeployer.startSync(DefaultModuleDeployer.java:188) ~[dubbo-3.2.15.jar:3.2.15]
	at org.apache.dubbo.config.deploy.DefaultModuleDeployer.start(DefaultModuleDeployer.java:156) ~[dubbo-3.2.15.jar:3.2.15]
	at org.apache.dubbo.config.spring.context.DubboDeployApplicationListener.onContextRefreshedEvent(DubboDeployApplicationListener.java:157) ~[dubbo-3.2.15.jar:3.2.15]
	at org.apache.dubbo.config.spring.context.DubboDeployApplicationListener.onApplicationEvent(DubboDeployApplicationListener.java:143) ~[dubbo-3.2.15.jar:3.2.15]
	at org.apache.dubbo.config.spring.context.DubboDeployApplicationListener.onApplicationEvent(DubboDeployApplicationListener.java:52) ~[dubbo-3.2.15.jar:3.2.15]
	at org.springframework.context.event.SimpleApplicationEventMulticaster.doInvokeListener(SimpleApplicationEventMulticaster.java:185) ~[spring-context-6.1.13.jar:6.1.13]
	at org.springframework.context.event.SimpleApplicationEventMulticaster.invokeListener(SimpleApplicationEventMulticaster.java:178) ~[spring-context-6.1.13.jar:6.1.13]
	at org.springframework.context.event.SimpleApplicationEventMulticaster.multicastEvent(SimpleApplicationEventMulticaster.java:156) ~[spring-context-6.1.13.jar:6.1.13]
	at org.springframework.context.support.AbstractApplicationContext.publishEvent(AbstractApplicationContext.java:452) ~[spring-context-6.1.13.jar:6.1.13]
	at org.springframework.context.support.AbstractApplicationContext.publishEvent(AbstractApplicationContext.java:385) ~[spring-context-6.1.13.jar:6.1.13]
	at org.springframework.context.support.AbstractApplicationContext.finishRefresh(AbstractApplicationContext.java:993) ~[spring-context-6.1.13.jar:6.1.13]
	at org.springframework.context.support.AbstractApplicationContext.refresh(AbstractApplicationContext.java:628) ~[spring-context-6.1.13.jar:6.1.13]
	at org.springframework.boot.web.servlet.context.ServletWebServerApplicationContext.refresh(ServletWebServerApplicationContext.java:146) ~[spring-boot-3.3.4.jar:3.3.4]
	at org.springframework.boot.SpringApplication.refresh(SpringApplication.java:754) ~[spring-boot-3.3.4.jar:3.3.4]
	at org.springframework.boot.SpringApplication.refreshContext(SpringApplication.java:456) ~[spring-boot-3.3.4.jar:3.3.4]
	at org.springframework.boot.SpringApplication.run(SpringApplication.java:335) ~[spring-boot-3.3.4.jar:3.3.4]
	at org.springframework.boot.SpringApplication.run(SpringApplication.java:1363) ~[spring-boot-3.3.4.jar:3.3.4]
	at org.springframework.boot.SpringApplication.run(SpringApplication.java:1352) ~[spring-boot-3.3.4.jar:3.3.4]
	at com.cloudDemo.orderservice.OrdersServiceApplication.main(OrdersServiceApplication.java:26) ~[classes/:na]
Caused by: org.apache.dubbo.remoting.RemotingException: Failed to bind NettyServer on /0.0.0.0:20882, cause: Address already in use: bind
	at org.apache.dubbo.remoting.transport.AbstractServer.<init>(AbstractServer.java:79) ~[dubbo-3.2.15.jar:3.2.15]
	at org.apache.dubbo.remoting.transport.netty4.NettyServer.<init>(NettyServer.java:84) ~[dubbo-3.2.15.jar:3.2.15]
	at org.apache.dubbo.remoting.transport.netty4.NettyTransporter.bind(NettyTransporter.java:35) ~[dubbo-3.2.15.jar:3.2.15]
	at org.apache.dubbo.remoting.Transporter$Adaptive.bind(Transporter$Adaptive.java) ~[dubbo-3.2.15.jar:3.2.15]
	at org.apache.dubbo.remoting.Transporters.bind(Transporters.java:47) ~[dubbo-3.2.15.jar:3.2.15]
	at org.apache.dubbo.remoting.exchange.support.header.HeaderExchanger.bind(HeaderExchanger.java:55) ~[dubbo-3.2.15.jar:3.2.15]
	at org.apache.dubbo.remoting.exchange.Exchangers.bind(Exchangers.java:61) ~[dubbo-3.2.15.jar:3.2.15]
	at org.apache.dubbo.rpc.protocol.dubbo.DubboProtocol.createServer(DubboProtocol.java:416) ~[dubbo-3.2.15.jar:3.2.15]
	... 43 common frames omitted
Caused by: java.net.BindException: Address already in use: bind
	at java.base/sun.nio.ch.Net.bind0(Native Method) ~[na:na]
	at java.base/sun.nio.ch.Net.bind(Net.java:555) ~[na:na]
	at java.base/sun.nio.ch.ServerSocketChannelImpl.netBind(ServerSocketChannelImpl.java:337) ~[na:na]
	at java.base/sun.nio.ch.ServerSocketChannelImpl.bind(ServerSocketChannelImpl.java:294) ~[na:na]
	at io.netty.channel.socket.nio.NioServerSocketChannel.doBind(NioServerSocketChannel.java:141) ~[netty-transport-4.1.113.Final.jar:4.1.113.Final]
	at io.netty.channel.AbstractChannel$AbstractUnsafe.bind(AbstractChannel.java:561) ~[netty-transport-4.1.113.Final.jar:4.1.113.Final]
	at io.netty.channel.DefaultChannelPipeline$HeadContext.bind(DefaultChannelPipeline.java:1281) ~[netty-transport-4.1.113.Final.jar:4.1.113.Final]
	at io.netty.channel.AbstractChannelHandlerContext.invokeBind(AbstractChannelHandlerContext.java:600) ~[netty-transport-4.1.113.Final.jar:4.1.113.Final]
	at io.netty.channel.AbstractChannelHandlerContext.bind(AbstractChannelHandlerContext.java:579) ~[netty-transport-4.1.113.Final.jar:4.1.113.Final]
	at io.netty.channel.DefaultChannelPipeline.bind(DefaultChannelPipeline.java:922) ~[netty-transport-4.1.113.Final.jar:4.1.113.Final]
	at io.netty.channel.AbstractChannel.bind(AbstractChannel.java:259) ~[netty-transport-4.1.113.Final.jar:4.1.113.Final]
	at io.netty.bootstrap.AbstractBootstrap$2.run(AbstractBootstrap.java:380) ~[netty-transport-4.1.113.Final.jar:4.1.113.Final]
	at io.netty.util.concurrent.AbstractEventExecutor.runTask(AbstractEventExecutor.java:173) ~[netty-common-4.1.113.Final.jar:4.1.113.Final]
	at io.netty.util.concurrent.AbstractEventExecutor.safeExecute(AbstractEventExecutor.java:166) ~[netty-common-4.1.113.Final.jar:4.1.113.Final]
	at io.netty.util.concurrent.SingleThreadEventExecutor.runAllTasks(SingleThreadEventExecutor.java:472) ~[netty-common-4.1.113.Final.jar:4.1.113.Final]
	at io.netty.channel.nio.NioEventLoop.run(NioEventLoop.java:569) ~[netty-transport-4.1.113.Final.jar:4.1.113.Final]
	at io.netty.util.concurrent.SingleThreadEventExecutor$4.run(SingleThreadEventExecutor.java:997) ~[netty-common-4.1.113.Final.jar:4.1.113.Final]
	at io.netty.util.internal.ThreadExecutorMap$2.run(ThreadExecutorMap.java:74) ~[netty-common-4.1.113.Final.jar:4.1.113.Final]
	at io.netty.util.concurrent.FastThreadLocalRunnable.run(FastThreadLocalRunnable.java:30) ~[netty-common-4.1.113.Final.jar:4.1.113.Final]
	at java.base/java.lang.Thread.run(Thread.java:842) ~[na:na]

2025-07-07T15:13:49.718+08:00  INFO 9024 --- [order-service] [main] c.c.o.OrdersServiceApplication           : Started OrdersServiceApplication in 10.853 seconds (process running for 11.064)
